2025-7-16 15:49:11-log: Cannot access game frame or container.
2025-7-16 15:49:11-debug: asset-db:require-engine-code (531ms)
2025-7-16 15:49:11-log: meshopt wasm decoder initialized
2025-7-16 15:49:11-log: [box2d]:box2d wasm lib loaded.
2025-7-16 15:49:12-log: [bullet]:bullet wasm lib loaded.
2025-7-16 15:49:12-log: Cocos Creator v3.8.3
2025-7-16 15:49:12-debug: [Assets Memory track]: asset-db:worker-init: initEngine start:19.45MB, end 77.08MB, increase: 57.62MB
2025-7-16 15:49:12-debug: [Assets Memory track]: asset-db-plugin-register: programming start:77.99MB, end 79.08MB, increase: 1.08MB
2025-7-16 15:49:13-debug: [Assets Memory track]: asset-db-plugin-register: engine-extends start:149.75MB, end 152.84MB, increase: 3.09MB
2025-7-16 15:49:13-debug: [Assets Memory track]: asset-db-plugin-register: project start:77.87MB, end 152.91MB, increase: 75.04MB
2025-7-16 15:49:13-debug: [Assets Memory track]: asset-db:worker-init: initPlugin start:77.09MB, end 152.92MB, increase: 75.84MB
2025-7-16 15:49:13-debug: [Assets Memory track]: asset-db-plugin-register: builder start:79.10MB, end 149.53MB, increase: 70.43MB
2025-7-16 15:49:13-debug: run package(vivo-mini-game) handler(enable) start
2025-7-16 15:49:13-debug: run package(web-desktop) handler(enable) start
2025-7-16 15:49:13-debug: run package(vivo-mini-game) handler(enable) success!
2025-7-16 15:49:13-debug: run package(web-desktop) handler(enable) success!
2025-7-16 15:49:13-debug: run package(wechatgame) handler(enable) start
2025-7-16 15:49:13-debug: run package(wechatgame) handler(enable) success!
2025-7-16 15:49:13-debug: run package(wechatprogram) handler(enable) start
2025-7-16 15:49:13-debug: run package(windows) handler(enable) start
2025-7-16 15:49:13-debug: run package(wechatprogram) handler(enable) success!
2025-7-16 15:49:13-debug: run package(xiaomi-quick-game) handler(enable) start
2025-7-16 15:49:13-debug: run package(web-mobile) handler(enable) success!
2025-7-16 15:49:13-debug: run package(xiaomi-quick-game) handler(enable) success!
2025-7-16 15:49:13-debug: run package(cocos-service) handler(enable) start
2025-7-16 15:49:13-debug: run package(cocos-service) handler(enable) success!
2025-7-16 15:49:13-debug: run package(web-mobile) handler(enable) start
2025-7-16 15:49:13-debug: run package(windows) handler(enable) success!
2025-7-16 15:49:13-debug: run package(im-plugin) handler(enable) start
2025-7-16 15:49:13-debug: run package(im-plugin) handler(enable) success!
2025-7-16 15:49:13-debug: asset-db:worker-init: initPlugin (1248ms)
2025-7-16 15:49:13-debug: run package(placeholder) handler(enable) success!
2025-7-16 15:49:13-debug: run package(placeholder) handler(enable) start
2025-7-16 15:49:13-debug: Run asset db hook programming:beforePreStart success!
2025-7-16 15:49:13-debug: [Assets Memory track]: asset-db:worker-init start:19.45MB, end 145.64MB, increase: 126.20MB
2025-7-16 15:49:13-debug: Run asset db hook programming:beforePreStart ...
2025-7-16 15:49:13-debug: Run asset db hook engine-extends:beforePreStart ...
2025-7-16 15:49:13-debug: Run asset db hook engine-extends:beforePreStart success!
2025-7-16 15:49:13-debug: asset-db:worker-init (2154ms)
2025-7-16 15:49:13-debug: asset-db-hook-programming-beforePreStart (44ms)
2025-7-16 15:49:13-debug: asset-db-hook-engine-extends-beforePreStart (44ms)
2025-7-16 15:49:13-debug: Preimport db internal success
2025-7-16 15:49:13-debug: Preimport db assets success
2025-7-16 15:49:13-debug: Run asset db hook programming:afterPreStart ...
2025-7-16 15:49:13-debug: starting packer-driver...
2025-7-16 15:49:14-debug: initialize scripting environment...
2025-7-16 15:49:14-debug: Set detail map pack:///resolution-detail-map.json: {}
2025-7-16 15:49:14-debug: Run asset db hook programming:afterPreStart success!
2025-7-16 15:49:14-debug: Run asset db hook engine-extends:afterPreStart success!
2025-7-16 15:49:14-debug: Start up the 'internal' database...
2025-7-16 15:49:14-debug: Run asset db hook engine-extends:afterPreStart ...
2025-7-16 15:49:14-debug: [Assets Memory track]: asset-db:worker-init: preStart start:145.65MB, end 148.33MB, increase: 2.68MB
2025-7-16 15:49:14-debug: asset-db-hook-programming-afterPreStart (721ms)
2025-7-16 15:49:14-debug: asset-db-hook-engine-extends-afterPreStart (178ms)
2025-7-16 15:49:14-debug: asset-db:worker-effect-data-processing (178ms)
2025-7-16 15:49:14-debug: [Assets Memory track]: asset-db:worker-startup-database[internal] start:145.70MB, end 161.09MB, increase: 15.40MB
2025-7-16 15:49:14-debug: Start up the 'assets' database...
2025-7-16 15:49:14-debug: asset-db:worker-startup-database[internal] (863ms)
2025-7-16 15:49:14-debug: [Assets Memory track]: asset-db:worker-init: startup start:148.33MB, end 162.48MB, increase: 14.15MB
2025-7-16 15:49:14-debug: lazy register asset handler *
2025-7-16 15:49:14-debug: [Assets Memory track]: asset-db:worker-startup-database[assets] start:150.88MB, end 162.48MB, increase: 11.60MB
2025-7-16 15:49:14-debug: lazy register asset handler text
2025-7-16 15:49:14-debug: lazy register asset handler directory
2025-7-16 15:49:14-debug: lazy register asset handler spine-data
2025-7-16 15:49:14-debug: lazy register asset handler json
2025-7-16 15:49:14-debug: lazy register asset handler dragonbones-atlas
2025-7-16 15:49:14-debug: lazy register asset handler terrain
2025-7-16 15:49:14-debug: lazy register asset handler javascript
2025-7-16 15:49:14-debug: lazy register asset handler dragonbones
2025-7-16 15:49:14-debug: lazy register asset handler sprite-frame
2025-7-16 15:49:14-debug: lazy register asset handler scene
2025-7-16 15:49:14-debug: lazy register asset handler typescript
2025-7-16 15:49:14-debug: lazy register asset handler prefab
2025-7-16 15:49:14-debug: lazy register asset handler tiled-map
2025-7-16 15:49:14-debug: lazy register asset handler buffer
2025-7-16 15:49:14-debug: lazy register asset handler alpha-image
2025-7-16 15:49:14-debug: lazy register asset handler erp-texture-cube
2025-7-16 15:49:14-debug: lazy register asset handler texture
2025-7-16 15:49:14-debug: lazy register asset handler texture-cube
2025-7-16 15:49:14-debug: lazy register asset handler render-texture
2025-7-16 15:49:14-debug: lazy register asset handler texture-cube-face
2025-7-16 15:49:14-debug: lazy register asset handler rt-sprite-frame
2025-7-16 15:49:14-debug: lazy register asset handler image
2025-7-16 15:49:14-debug: lazy register asset handler sign-image
2025-7-16 15:49:14-debug: lazy register asset handler gltf-animation
2025-7-16 15:49:14-debug: lazy register asset handler gltf-mesh
2025-7-16 15:49:14-debug: lazy register asset handler gltf-skeleton
2025-7-16 15:49:14-debug: lazy register asset handler gltf-material
2025-7-16 15:49:14-debug: lazy register asset handler gltf
2025-7-16 15:49:14-debug: lazy register asset handler gltf-scene
2025-7-16 15:49:14-debug: lazy register asset handler gltf-embeded-image
2025-7-16 15:49:14-debug: lazy register asset handler physics-material
2025-7-16 15:49:14-debug: lazy register asset handler fbx
2025-7-16 15:49:14-debug: lazy register asset handler effect
2025-7-16 15:49:14-debug: lazy register asset handler material
2025-7-16 15:49:14-debug: lazy register asset handler effect-header
2025-7-16 15:49:14-debug: lazy register asset handler animation-clip
2025-7-16 15:49:14-debug: lazy register asset handler animation-graph-variant
2025-7-16 15:49:14-debug: lazy register asset handler audio-clip
2025-7-16 15:49:14-debug: lazy register asset handler animation-graph
2025-7-16 15:49:14-debug: lazy register asset handler animation-mask
2025-7-16 15:49:14-debug: lazy register asset handler bitmap-font
2025-7-16 15:49:14-debug: lazy register asset handler sprite-atlas
2025-7-16 15:49:14-debug: lazy register asset handler auto-atlas
2025-7-16 15:49:14-debug: lazy register asset handler label-atlas
2025-7-16 15:49:14-debug: lazy register asset handler render-pipeline
2025-7-16 15:49:14-debug: lazy register asset handler instantiation-mesh
2025-7-16 15:49:14-debug: lazy register asset handler ttf-font
2025-7-16 15:49:14-debug: lazy register asset handler particle
2025-7-16 15:49:14-debug: lazy register asset handler render-stage
2025-7-16 15:49:14-debug: lazy register asset handler render-flow
2025-7-16 15:49:14-debug: lazy register asset handler instantiation-material
2025-7-16 15:49:14-debug: lazy register asset handler instantiation-animation
2025-7-16 15:49:14-debug: lazy register asset handler instantiation-skeleton
2025-7-16 15:49:14-debug: lazy register asset handler video-clip
2025-7-16 15:49:14-debug: asset-db:worker-startup-database[assets] (842ms)
2025-7-16 15:49:14-debug: asset-db:start-database (906ms)
2025-7-16 15:49:14-debug: asset-db:ready (4911ms)
2025-7-16 15:49:14-debug: init worker message success
2025-7-16 15:49:14-debug: programming:execute-script (4ms)
2025-7-16 15:49:14-debug: [Build Memory track]: builder:worker-init start:160.13MB, end 174.44MB, increase: 14.32MB
2025-7-16 15:49:14-debug: builder:worker-init (304ms)
2025-7-16 15:49:21-debug: Query all assets info in project
2025-7-16 15:49:21-debug: init custom config: keepNodeUuid: false, useCache: true
2025-7-16 15:49:21-debug: 查询 Asset Bundle start, progress: 0%
2025-7-16 15:49:21-debug: // ---- build task 查询 Asset Bundle ----
2025-7-16 15:49:21-debug:   Number of all scenes: 1
2025-7-16 15:49:21-debug:   Number of all scripts: 49
2025-7-16 15:49:21-debug: Query preload assets from cc.config.json: 60f7195c-ec2a-45eb-ba94-8955f60e81d0,1c02ae6f-4492-4915-b8f8-7492a3b1e4cd,810e96e4-e456-4468-9b59-f4e8f39732c0,efe8e2a3-eace-427b-b4f1-cb8a937ec77d,e9aa9a3e-5b2b-4ac7-a2c7-073de2b2b24f,8bbdbcdd-5cd4-4100-b6d5-b7c9625b6107,50f4348b-c883-4e2f-8f11-ce233b859fa1,fda095cb-831d-4601-ad94-846013963de8,f92806d7-1768-443f-afe8-12bcde84d0f0,dd3a144d-ab7f-41f0-82b8-2e43a090d496,f0416e68-0200-4b77-a926-4f9d16e494da,511d2633-09a7-4bdd-ac42-f778032124b3,5d45aa00-e064-4938-b314-4265f0c2258c,9361fd90-ba52-4f84-aa93-6e878fd576ca,970b0598-bcb0-4714-91fb-2e81440dccd8,bcd64cc6-2dd9-43f6-abbe-66318d332032,d930590d-bb92-4cc8-8bd1-23cd027f9edf,a3cd009f-0ab0-420d-9278-b9fdab939bbc,d1346436-ac96-4271-b863-1f4fdead95b0,971bdb23-3ff6-43eb-b422-1c30165a3663,17debcc3-0a6b-4b8a-b00b-dc58b885581e,711ebe11-f673-4cd9-9a83-63c60ba54c5b,c0143906-9aed-447e-9436-2ae8512d1b6e,14da1725-c4c2-42b4-ab08-ee0aeb6898b3,081cab31-dccd-428e-8652-f2404cc81c47,78e0584a-4343-4727-8f37-e14e65c2a2db,ba21476f-2866-4f81-9c4d-6e359316e448,871c3b6c-7379-419d-bda3-794b239ab90d
2025-7-16 15:49:21-debug:   Number of other assets: 804
2025-7-16 15:49:21-debug: run build task 查询 Asset Bundle success in 6 ms√, progress: 5%
2025-7-16 15:49:21-debug: // ---- build task 查询 Asset Bundle ---- (6ms)
2025-7-16 15:49:21-debug: 查询 Asset Bundle start, progress: 5%
2025-7-16 15:49:21-debug: [Build Memory track]: 查询 Asset Bundle start:175.17MB, end 176.27MB, increase: 1.11MB
2025-7-16 15:49:21-debug: // ---- build task 查询 Asset Bundle ----
2025-7-16 15:49:21-debug: // ---- build task 查询 Asset Bundle ---- (3ms)
2025-7-16 15:49:21-debug: run build task 查询 Asset Bundle success in 3 ms√, progress: 10%
2025-7-16 15:49:21-debug: 整理部分构建选项内数据到 settings.json start, progress: 10%
2025-7-16 15:49:21-debug: // ---- build task 整理部分构建选项内数据到 settings.json ----
2025-7-16 15:49:21-debug: [Build Memory track]: 查询 Asset Bundle start:176.29MB, end 176.43MB, increase: 141.89KB
2025-7-16 15:49:21-debug: // ---- build task 整理部分构建选项内数据到 settings.json ---- (1ms)
2025-7-16 15:49:21-debug: run build task 整理部分构建选项内数据到 settings.json success in 1 ms√, progress: 12%
2025-7-16 15:49:21-debug: // ---- build task 填充脚本数据到 settings.json ----
2025-7-16 15:49:21-debug: [Build Memory track]: 整理部分构建选项内数据到 settings.json start:176.44MB, end 176.46MB, increase: 17.07KB
2025-7-16 15:49:21-debug: 填充脚本数据到 settings.json start, progress: 12%
2025-7-16 15:49:21-debug: // ---- build task 填充脚本数据到 settings.json ---- (1ms)
2025-7-16 15:49:21-debug: run build task 填充脚本数据到 settings.json success in 1 ms√, progress: 13%
2025-7-16 15:49:21-debug: [Build Memory track]: 填充脚本数据到 settings.json start:176.47MB, end 176.49MB, increase: 17.17KB
2025-7-16 15:49:21-debug: 整理部分构建选项内数据到 settings.json start, progress: 13%
2025-7-16 15:49:21-debug: // ---- build task 整理部分构建选项内数据到 settings.json ----
2025-7-16 15:49:21-debug: // ---- build task 整理部分构建选项内数据到 settings.json ---- (4ms)
2025-7-16 15:49:21-debug: [Build Memory track]: 整理部分构建选项内数据到 settings.json start:176.50MB, end 176.64MB, increase: 137.61KB
2025-7-16 15:49:21-debug: run build task 整理部分构建选项内数据到 settings.json success in 4 ms√, progress: 15%
2025-7-16 15:49:26-debug: refresh db internal success
2025-7-16 15:49:26-debug: refresh db assets success
2025-7-16 15:49:26-debug: Run asset db hook engine-extends:afterRefresh success!
2025-7-16 15:49:26-debug: Run asset db hook engine-extends:afterRefresh ...
2025-7-16 15:49:26-debug: asset-db:refresh-all-database (84ms)
2025-7-16 15:49:26-debug: asset-db:worker-effect-data-processing (2ms)
2025-7-16 15:49:26-debug: asset-db-hook-engine-extends-afterRefresh (2ms)
