2025-10-18 20:00:24-debug: start **** info
2025-10-18 20:00:25-log: Cannot access game frame or container.
2025-10-18 20:00:26-debug: asset-db:require-engine-code (1830ms)
2025-10-18 20:00:27-log: [bullet]:bullet wasm lib loaded.
2025-10-18 20:00:27-log: [box2d]:box2d wasm lib loaded.
2025-10-18 20:00:27-log: meshopt wasm decoder initialized
2025-10-18 20:00:27-log: Cocos Creator v3.8.6
2025-10-18 20:00:27-log: Using legacy pipeline
2025-10-18 20:00:27-log: Forward render pipeline initialized.
2025-10-18 20:00:27-debug: [Assets Memory track]: asset-db:worker-init: initEngine start:29.06MB, end 80.16MB, increase: 51.09MB
2025-10-18 20:00:31-debug: [Assets Memory track]: asset-db-plugin-register: builder start:83.51MB, end 224.41MB, increase: 140.90MB
2025-10-18 20:00:31-debug: [Assets Memory track]: asset-db-plugin-register: engine-extends start:224.64MB, end 227.73MB, increase: 3.09MB
2025-10-18 20:00:31-debug: [Assets Memory track]: asset-db-plugin-register: project start:80.85MB, end 227.92MB, increase: 147.07MB
2025-10-18 20:00:27-debug: [Assets Memory track]: asset-db-plugin-register: programming start:80.99MB, end 83.48MB, increase: 2.49MB
2025-10-18 20:00:31-debug: [Assets Memory track]: asset-db:worker-init: initPlugin start:80.18MB, end 227.96MB, increase: 147.78MB
2025-10-18 20:00:31-debug: asset-db:worker-init: initPlugin (4283ms)
2025-10-18 20:00:31-debug: [Assets Memory track]: asset-db:worker-init start:29.06MB, end 228.07MB, increase: 199.01MB
2025-10-18 20:00:31-debug: Run asset db hook programming:beforePreStart success!
2025-10-18 20:00:31-debug: Run asset db hook engine-extends:beforePreStart ...
2025-10-18 20:00:31-debug: Run asset db hook engine-extends:beforePreStart success!
2025-10-18 20:00:31-debug: Run asset db hook programming:beforePreStart ...
2025-10-18 20:00:32-debug: asset-db:worker-init (7281ms)
2025-10-18 20:00:32-debug: asset-db-hook-programming-beforePreStart (451ms)
2025-10-18 20:00:32-debug: asset-db-hook-engine-extends-beforePreStart (450ms)
2025-10-18 20:00:33-debug: Preimport db internal success
2025-10-18 20:00:34-debug: Preimport db assets success
2025-10-18 20:00:34-debug: Run asset db hook programming:afterPreStart ...
2025-10-18 20:00:34-debug: starting packer-driver...
2025-10-18 20:00:37-debug: initialize scripting environment...
2025-10-18 20:00:37-debug: [[Executor]] prepare before lock
2025-10-18 20:00:37-debug: Set detail map pack:///resolution-detail-map.json: {}
2025-10-18 20:00:37-debug: [[Executor]] prepare after unlock
2025-10-18 20:00:37-debug: Run asset db hook programming:afterPreStart success!
2025-10-18 20:00:37-debug: Run asset db hook engine-extends:afterPreStart ...
2025-10-18 20:00:37-debug: Run asset db hook engine-extends:afterPreStart success!
2025-10-18 20:00:37-debug: [Assets Memory track]: asset-db:worker-init: preStart start:228.08MB, end 232.43MB, increase: 4.34MB
2025-10-18 20:00:37-debug: Start up the 'internal' database...
2025-10-18 20:00:38-debug: asset-db:worker-effect-data-processing (805ms)
2025-10-18 20:00:38-debug: asset-db-hook-engine-extends-afterPreStart (805ms)
2025-10-18 20:00:38-debug: asset-db-hook-programming-afterPreStart (3312ms)
2025-10-18 20:00:39-debug: Start up the 'assets' database...
2025-10-18 20:00:42-debug: asset-db:worker-startup-database[internal] (10726ms)
2025-10-18 20:00:43-debug: lazy register asset handler *
2025-10-18 20:00:43-debug: lazy register asset handler directory
2025-10-18 20:00:43-debug: lazy register asset handler spine-data
2025-10-18 20:00:43-debug: lazy register asset handler text
2025-10-18 20:00:43-debug: lazy register asset handler json
2025-10-18 20:00:43-debug: lazy register asset handler terrain
2025-10-18 20:00:43-debug: lazy register asset handler javascript
2025-10-18 20:00:43-debug: lazy register asset handler dragonbones-atlas
2025-10-18 20:00:43-debug: lazy register asset handler typescript
2025-10-18 20:00:43-debug: lazy register asset handler scene
2025-10-18 20:00:43-debug: lazy register asset handler prefab
2025-10-18 20:00:43-debug: lazy register asset handler tiled-map
2025-10-18 20:00:43-debug: lazy register asset handler sprite-frame
2025-10-18 20:00:43-debug: lazy register asset handler sign-image
2025-10-18 20:00:43-debug: lazy register asset handler alpha-image
2025-10-18 20:00:43-debug: lazy register asset handler image
2025-10-18 20:00:43-debug: lazy register asset handler buffer
2025-10-18 20:00:43-debug: lazy register asset handler erp-texture-cube
2025-10-18 20:00:43-debug: lazy register asset handler texture-cube
2025-10-18 20:00:43-debug: lazy register asset handler render-texture
2025-10-18 20:00:43-debug: lazy register asset handler texture-cube-face
2025-10-18 20:00:43-debug: lazy register asset handler rt-sprite-frame
2025-10-18 20:00:43-debug: lazy register asset handler gltf
2025-10-18 20:00:43-debug: lazy register asset handler gltf-mesh
2025-10-18 20:00:43-debug: lazy register asset handler gltf-animation
2025-10-18 20:00:43-debug: lazy register asset handler dragonbones
2025-10-18 20:00:43-debug: lazy register asset handler gltf-skeleton
2025-10-18 20:00:43-debug: lazy register asset handler texture
2025-10-18 20:00:43-debug: lazy register asset handler gltf-embeded-image
2025-10-18 20:00:43-debug: lazy register asset handler fbx
2025-10-18 20:00:43-debug: lazy register asset handler gltf-material
2025-10-18 20:00:43-debug: lazy register asset handler physics-material
2025-10-18 20:00:43-debug: lazy register asset handler effect
2025-10-18 20:00:43-debug: lazy register asset handler effect-header
2025-10-18 20:00:43-debug: lazy register asset handler audio-clip
2025-10-18 20:00:43-debug: lazy register asset handler gltf-scene
2025-10-18 20:00:43-debug: lazy register asset handler animation-clip
2025-10-18 20:00:43-debug: lazy register asset handler animation-graph
2025-10-18 20:00:43-debug: lazy register asset handler animation-graph-variant
2025-10-18 20:00:43-debug: lazy register asset handler animation-mask
2025-10-18 20:00:43-debug: lazy register asset handler ttf-font
2025-10-18 20:00:43-debug: lazy register asset handler bitmap-font
2025-10-18 20:00:43-debug: lazy register asset handler sprite-atlas
2025-10-18 20:00:43-debug: lazy register asset handler auto-atlas
2025-10-18 20:00:43-debug: lazy register asset handler label-atlas
2025-10-18 20:00:43-debug: lazy register asset handler particle
2025-10-18 20:00:43-debug: lazy register asset handler material
2025-10-18 20:00:43-debug: lazy register asset handler render-pipeline
2025-10-18 20:00:43-debug: lazy register asset handler instantiation-mesh
2025-10-18 20:00:43-debug: lazy register asset handler render-stage
2025-10-18 20:00:43-debug: lazy register asset handler instantiation-skeleton
2025-10-18 20:00:43-debug: lazy register asset handler video-clip
2025-10-18 20:00:43-debug: lazy register asset handler instantiation-animation
2025-10-18 20:00:43-debug: lazy register asset handler instantiation-material
2025-10-18 20:00:43-debug: lazy register asset handler render-flow
2025-10-18 20:00:43-debug: asset-db:worker-startup-database[assets] (9489ms)
2025-10-18 20:00:43-debug: fix the bug of updateDefaultUserData
2025-10-18 20:00:43-debug: asset-db:ready (24107ms)
2025-10-18 20:00:43-debug: asset-db:start-database (11783ms)
2025-10-18 20:00:43-debug: init worker message success
2025-10-18 20:00:43-debug: programming:execute-script (3ms)
2025-10-18 20:00:44-debug: [Build Memory track]: builder:worker-init start:187.18MB, end 198.89MB, increase: 11.71MB
2025-10-18 20:00:44-debug: builder:worker-init (1012ms)
2025-10-18 20:01:10-debug: Query all assets info in project
2025-10-18 20:01:10-debug: init custom config: keepNodeUuid: false, useCache: true
2025-10-18 20:01:10-debug: Skip compress image, progress: 0%
2025-10-18 20:01:10-debug: Init all bundles start..., progress: 0%
2025-10-18 20:01:10-debug: // ---- build task 查询 Asset Bundle ----
2025-10-18 20:01:10-debug: Init bundle root assets start..., progress: 0%
2025-10-18 20:01:10-debug: 查询 Asset Bundle start, progress: 0%
2025-10-18 20:01:10-debug: Num of bundles: 3..., progress: 0%
2025-10-18 20:01:10-debug: Query preload assets/scripts from cc.config.json: 60f7195c-ec2a-45eb-ba94-8955f60e81d0,1c02ae6f-4492-4915-b8f8-7492a3b1e4cd,810e96e4-e456-4468-9b59-f4e8f39732c0,efe8e2a3-eace-427b-b4f1-cb8a937ec77d,e9aa9a3e-5b2b-4ac7-a2c7-073de2b2b24f,8bbdbcdd-5cd4-4100-b6d5-b7c9625b6107,50f4348b-c883-4e2f-8f11-ce233b859fa1,fda095cb-831d-4601-ad94-846013963de8,f92806d7-1768-443f-afe8-12bcde84d0f0,dd3a144d-ab7f-41f0-82b8-2e43a090d496,f0416e68-0200-4b77-a926-4f9d16e494da,511d2633-09a7-4bdd-ac42-f778032124b3,5d45aa00-e064-4938-b314-4265f0c2258c,9361fd90-ba52-4f84-aa93-6e878fd576ca,970b0598-bcb0-4714-91fb-2e81440dccd8,bcd64cc6-2dd9-43f6-abbe-66318d332032,d930590d-bb92-4cc8-8bd1-23cd027f9edf,a3cd009f-0ab0-420d-9278-b9fdab939bbc,b2bd1fa7-8d7c-49c5-a158-df29a6d3a594,d1346436-ac96-4271-b863-1f4fdead95b0,971bdb23-3ff6-43eb-b422-1c30165a3663,17debcc3-0a6b-4b8a-b00b-dc58b885581e,711ebe11-f673-4cd9-9a83-63c60ba54c5b,c0143906-9aed-447e-9436-2ae8512d1b6e,14da1725-c4c2-42b4-ab08-ee0aeb6898b3,081cab31-dccd-428e-8652-f2404cc81c47,78e0584a-4343-4727-8f37-e14e65c2a2db,ba21476f-2866-4f81-9c4d-6e359316e448,871c3b6c-7379-419d-bda3-794b239ab90d
2025-10-18 20:01:10-debug:   Number of all scenes: 1
2025-10-18 20:01:10-debug:   Number of all scripts: 40
2025-10-18 20:01:10-debug:   Number of other assets: 690
2025-10-18 20:01:10-debug: Init bundle root assets success..., progress: 0%
2025-10-18 20:01:10-debug: // ---- build task 查询 Asset Bundle ---- (17ms)
2025-10-18 20:01:10-log: run build task 查询 Asset Bundle success in 17 ms√, progress: 5%
2025-10-18 20:01:10-debug: [Build Memory track]: 查询 Asset Bundle start:196.34MB, end 196.54MB, increase: 203.13KB
2025-10-18 20:01:10-debug: 查询 Asset Bundle start, progress: 5%
2025-10-18 20:01:10-debug: // ---- build task 查询 Asset Bundle ----
2025-10-18 20:01:10-debug: // ---- build task 查询 Asset Bundle ---- (5ms)
2025-10-18 20:01:10-log: run build task 查询 Asset Bundle success in 5 ms√, progress: 10%
2025-10-18 20:01:10-debug: // ---- build task 整理部分构建选项内数据到 settings.json ----
2025-10-18 20:01:10-debug: [Build Memory track]: 查询 Asset Bundle start:196.58MB, end 196.72MB, increase: 146.48KB
2025-10-18 20:01:10-debug: // ---- build task 整理部分构建选项内数据到 settings.json ---- (3ms)
2025-10-18 20:01:10-debug: 整理部分构建选项内数据到 settings.json start, progress: 10%
2025-10-18 20:01:10-log: run build task 整理部分构建选项内数据到 settings.json success in 3 ms√, progress: 12%
2025-10-18 20:01:10-debug: [Build Memory track]: 整理部分构建选项内数据到 settings.json start:196.76MB, end 196.80MB, increase: 45.20KB
2025-10-18 20:01:10-debug: 填充脚本数据到 settings.json start, progress: 12%
2025-10-18 20:01:10-debug: // ---- build task 填充脚本数据到 settings.json ----
2025-10-18 20:01:10-debug: 整理部分构建选项内数据到 settings.json start, progress: 13%
2025-10-18 20:01:10-debug: // ---- build task 填充脚本数据到 settings.json ---- (1ms)
2025-10-18 20:01:10-debug: // ---- build task 整理部分构建选项内数据到 settings.json ----
2025-10-18 20:01:10-log: run build task 填充脚本数据到 settings.json success in 1 ms√, progress: 13%
2025-10-18 20:01:10-debug: [Build Memory track]: 填充脚本数据到 settings.json start:196.84MB, end 196.87MB, increase: 30.30KB
2025-10-18 20:01:10-debug: // ---- build task 整理部分构建选项内数据到 settings.json ---- (5ms)
2025-10-18 20:01:10-log: run build task 整理部分构建选项内数据到 settings.json success in 5 ms√, progress: 15%
2025-10-18 20:01:10-debug: [Build Memory track]: 整理部分构建选项内数据到 settings.json start:196.91MB, end 196.99MB, increase: 83.55KB
2025-10-18 20:01:27-debug: refresh db internal success
2025-10-18 20:01:28-debug: refresh db assets success
2025-10-18 20:01:28-debug: Run asset db hook engine-extends:afterRefresh ...
2025-10-18 20:01:28-debug: Run asset db hook engine-extends:afterRefresh success!
2025-10-18 20:01:28-debug: asset-db:refresh-all-database (355ms)
2025-10-18 20:01:28-debug: asset-db:worker-effect-data-processing (49ms)
2025-10-18 20:01:28-debug: asset-db-hook-engine-extends-afterRefresh (49ms)
2025-10-18 20:43:40-debug: refresh db internal success
2025-10-18 20:43:40-debug: refresh db assets success
2025-10-18 20:43:40-debug: Run asset db hook engine-extends:afterRefresh ...
2025-10-18 20:43:41-debug: Run asset db hook engine-extends:afterRefresh success!
2025-10-18 20:43:41-debug: asset-db:worker-effect-data-processing (32ms)
2025-10-18 20:43:41-debug: asset-db:refresh-all-database (1114ms)
2025-10-18 20:43:41-debug: asset-db-hook-engine-extends-afterRefresh (35ms)
2025-10-18 20:43:46-debug: refresh db internal success
2025-10-18 20:43:46-debug: refresh db assets success
2025-10-18 20:43:46-debug: Run asset db hook engine-extends:afterRefresh success!
2025-10-18 20:43:46-debug: Run asset db hook engine-extends:afterRefresh ...
