2025-8-27 15:51:06-log: Cannot access game frame or container.
2025-8-27 15:51:06-debug: asset-db:require-engine-code (548ms)
2025-8-27 15:51:06-log: meshopt wasm decoder initialized
2025-8-27 15:51:06-log: [bullet]:bullet wasm lib loaded.
2025-8-27 15:51:06-log: [box2d]:box2d wasm lib loaded.
2025-8-27 15:51:07-log: Cocos Creator v3.8.3
2025-8-27 15:51:07-debug: [Assets Memory track]: asset-db:worker-init: initEngine start:24.43MB, end 77.80MB, increase: 53.38MB
2025-8-27 15:51:07-debug: [Assets Memory track]: asset-db-plugin-register: programming start:78.54MB, end 82.15MB, increase: 3.61MB
2025-8-27 15:51:08-debug: [Assets Memory track]: asset-db-plugin-register: engine-extends start:204.11MB, end 207.26MB, increase: 3.15MB
2025-8-27 15:51:08-debug: [Assets Memory track]: asset-db-plugin-register: builder start:82.17MB, end 203.89MB, increase: 121.72MB
2025-8-27 15:51:08-debug: [Assets Memory track]: asset-db-plugin-register: project start:78.41MB, end 207.32MB, increase: 128.91MB
2025-8-27 15:51:08-debug: [Assets Memory track]: asset-db:worker-init: initPlugin start:77.81MB, end 207.34MB, increase: 129.53MB
2025-8-27 15:51:08-debug: run package(ohos) handler(enable) start
2025-8-27 15:51:08-debug: run package(ohos) handler(enable) success!
2025-8-27 15:51:08-debug: run package(openharmony) handler(enable) start
2025-8-27 15:51:08-debug: run package(openharmony) handler(enable) success!
2025-8-27 15:51:08-debug: run package(oppo-mini-game) handler(enable) start
2025-8-27 15:51:08-debug: run package(runtime-dev-tools) handler(enable) success!
2025-8-27 15:51:08-debug: run package(taobao-mini-game) handler(enable) start
2025-8-27 15:51:08-debug: run package(vivo-mini-game) handler(enable) start
2025-8-27 15:51:08-debug: run package(oppo-mini-game) handler(enable) success!
2025-8-27 15:51:08-debug: run package(taobao-mini-game) handler(enable) success!
2025-8-27 15:51:08-debug: run package(vivo-mini-game) handler(enable) success!
2025-8-27 15:51:08-debug: run package(web-desktop) handler(enable) start
2025-8-27 15:51:08-debug: run package(web-desktop) handler(enable) success!
2025-8-27 15:51:08-debug: run package(web-mobile) handler(enable) start
2025-8-27 15:51:08-debug: run package(runtime-dev-tools) handler(enable) start
2025-8-27 15:51:08-debug: run package(wechatgame) handler(enable) start
2025-8-27 15:51:08-debug: run package(wechatprogram) handler(enable) start
2025-8-27 15:51:08-debug: run package(wechatgame) handler(enable) success!
2025-8-27 15:51:08-debug: run package(wechatprogram) handler(enable) success!
2025-8-27 15:51:08-debug: run package(windows) handler(enable) start
2025-8-27 15:51:08-debug: run package(windows) handler(enable) success!
2025-8-27 15:51:08-debug: run package(xiaomi-quick-game) handler(enable) start
2025-8-27 15:51:08-debug: run package(cocos-service) handler(enable) start
2025-8-27 15:51:08-debug: run package(xiaomi-quick-game) handler(enable) success!
2025-8-27 15:51:08-debug: run package(cocos-service) handler(enable) success!
2025-8-27 15:51:08-debug: run package(im-plugin) handler(enable) start
2025-8-27 15:51:08-debug: run package(im-plugin) handler(enable) success!
2025-8-27 15:51:08-debug: run package(placeholder) handler(enable) start
2025-8-27 15:51:08-debug: run package(placeholder) handler(enable) success!
2025-8-27 15:51:08-debug: asset-db:worker-init: initPlugin (1317ms)
2025-8-27 15:51:08-debug: run package(web-mobile) handler(enable) success!
2025-8-27 15:51:08-debug: [Assets Memory track]: asset-db:worker-init start:24.42MB, end 203.62MB, increase: 179.20MB
2025-8-27 15:51:08-debug: Run asset db hook programming:beforePreStart ...
2025-8-27 15:51:08-debug: Run asset db hook engine-extends:beforePreStart success!
2025-8-27 15:51:08-debug: Run asset db hook engine-extends:beforePreStart ...
2025-8-27 15:51:08-debug: Run asset db hook programming:beforePreStart success!
2025-8-27 15:51:08-debug: asset-db:worker-init (2245ms)
2025-8-27 15:51:08-debug: asset-db-hook-engine-extends-beforePreStart (44ms)
2025-8-27 15:51:08-debug: asset-db-hook-programming-beforePreStart (44ms)
2025-8-27 15:51:08-debug: Preimport db internal success
2025-8-27 15:51:08-debug: Preimport db assets success
2025-8-27 15:51:08-debug: Run asset db hook programming:afterPreStart ...
2025-8-27 15:51:08-debug: starting packer-driver...
2025-8-27 15:51:09-debug: initialize scripting environment...
2025-8-27 15:51:09-debug: Set detail map pack:///resolution-detail-map.json: {}
2025-8-27 15:51:09-debug: Run asset db hook engine-extends:afterPreStart success!
2025-8-27 15:51:09-debug: [Assets Memory track]: asset-db:worker-init: preStart start:203.63MB, end 208.93MB, increase: 5.30MB
2025-8-27 15:51:09-debug: Run asset db hook engine-extends:afterPreStart ...
2025-8-27 15:51:09-debug: Run asset db hook programming:afterPreStart success!
2025-8-27 15:51:09-debug: Start up the 'internal' database...
2025-8-27 15:51:09-debug: asset-db:worker-effect-data-processing (185ms)
2025-8-27 15:51:09-debug: asset-db-hook-programming-afterPreStart (738ms)
2025-8-27 15:51:09-debug: asset-db-hook-engine-extends-afterPreStart (185ms)
2025-8-27 15:51:09-debug: [Assets Memory track]: asset-db:worker-startup-database[internal] start:203.68MB, end 223.25MB, increase: 19.57MB
2025-8-27 15:51:09-debug: Start up the 'assets' database...
2025-8-27 15:51:09-debug: asset-db:worker-startup-database[internal] (899ms)
2025-8-27 15:51:09-debug: [Assets Memory track]: asset-db:worker-startup-database[assets] start:209.30MB, end 223.67MB, increase: 14.37MB
2025-8-27 15:51:09-debug: [Assets Memory track]: asset-db:worker-init: startup start:208.93MB, end 223.68MB, increase: 14.74MB
2025-8-27 15:51:09-debug: lazy register asset handler text
2025-8-27 15:51:09-debug: lazy register asset handler directory
2025-8-27 15:51:09-debug: lazy register asset handler spine-data
2025-8-27 15:51:09-debug: lazy register asset handler dragonbones-atlas
2025-8-27 15:51:09-debug: lazy register asset handler terrain
2025-8-27 15:51:09-debug: lazy register asset handler javascript
2025-8-27 15:51:09-debug: lazy register asset handler typescript
2025-8-27 15:51:09-debug: lazy register asset handler json
2025-8-27 15:51:09-debug: lazy register asset handler dragonbones
2025-8-27 15:51:09-debug: lazy register asset handler scene
2025-8-27 15:51:09-debug: lazy register asset handler sprite-frame
2025-8-27 15:51:09-debug: lazy register asset handler prefab
2025-8-27 15:51:09-debug: lazy register asset handler tiled-map
2025-8-27 15:51:09-debug: lazy register asset handler buffer
2025-8-27 15:51:09-debug: lazy register asset handler *
2025-8-27 15:51:09-debug: lazy register asset handler image
2025-8-27 15:51:09-debug: lazy register asset handler alpha-image
2025-8-27 15:51:09-debug: lazy register asset handler texture-cube
2025-8-27 15:51:09-debug: lazy register asset handler texture
2025-8-27 15:51:09-debug: lazy register asset handler texture-cube-face
2025-8-27 15:51:09-debug: lazy register asset handler render-texture
2025-8-27 15:51:09-debug: lazy register asset handler rt-sprite-frame
2025-8-27 15:51:09-debug: lazy register asset handler gltf
2025-8-27 15:51:09-debug: lazy register asset handler gltf-mesh
2025-8-27 15:51:09-debug: lazy register asset handler erp-texture-cube
2025-8-27 15:51:09-debug: lazy register asset handler gltf-skeleton
2025-8-27 15:51:09-debug: lazy register asset handler gltf-material
2025-8-27 15:51:09-debug: lazy register asset handler gltf-scene
2025-8-27 15:51:09-debug: lazy register asset handler fbx
2025-8-27 15:51:09-debug: lazy register asset handler material
2025-8-27 15:51:09-debug: lazy register asset handler physics-material
2025-8-27 15:51:09-debug: lazy register asset handler gltf-embeded-image
2025-8-27 15:51:09-debug: lazy register asset handler effect-header
2025-8-27 15:51:09-debug: lazy register asset handler audio-clip
2025-8-27 15:51:09-debug: lazy register asset handler animation-clip
2025-8-27 15:51:09-debug: lazy register asset handler animation-graph
2025-8-27 15:51:09-debug: lazy register asset handler animation-graph-variant
2025-8-27 15:51:09-debug: lazy register asset handler sign-image
2025-8-27 15:51:09-debug: lazy register asset handler gltf-animation
2025-8-27 15:51:09-debug: lazy register asset handler animation-mask
2025-8-27 15:51:09-debug: lazy register asset handler ttf-font
2025-8-27 15:51:09-debug: lazy register asset handler particle
2025-8-27 15:51:09-debug: lazy register asset handler sprite-atlas
2025-8-27 15:51:09-debug: lazy register asset handler effect
2025-8-27 15:51:09-debug: lazy register asset handler auto-atlas
2025-8-27 15:51:09-debug: lazy register asset handler label-atlas
2025-8-27 15:51:09-debug: lazy register asset handler render-pipeline
2025-8-27 15:51:09-debug: lazy register asset handler render-stage
2025-8-27 15:51:09-debug: lazy register asset handler bitmap-font
2025-8-27 15:51:09-debug: lazy register asset handler instantiation-mesh
2025-8-27 15:51:09-debug: lazy register asset handler instantiation-material
2025-8-27 15:51:09-debug: lazy register asset handler render-flow
2025-8-27 15:51:09-debug: lazy register asset handler instantiation-skeleton
2025-8-27 15:51:09-debug: lazy register asset handler video-clip
2025-8-27 15:51:09-debug: lazy register asset handler instantiation-animation
2025-8-27 15:51:09-debug: asset-db:worker-startup-database[assets] (889ms)
2025-8-27 15:51:09-debug: asset-db:start-database (950ms)
2025-8-27 15:51:09-debug: asset-db:ready (5055ms)
2025-8-27 15:51:09-debug: init worker message success
2025-8-27 15:51:09-debug: programming:execute-script (3ms)
2025-8-27 15:51:09-debug: [Build Memory track]: builder:worker-init start:222.25MB, end 233.01MB, increase: 10.75MB
2025-8-27 15:51:09-debug: builder:worker-init (302ms)
2025-8-27 15:52:52-debug: refresh db internal success
2025-8-27 15:52:52-debug: refresh db assets success
2025-8-27 15:52:52-debug: Run asset db hook engine-extends:afterRefresh ...
2025-8-27 15:52:52-debug: Run asset db hook engine-extends:afterRefresh success!
2025-8-27 15:52:52-debug: asset-db:refresh-all-database (80ms)
2025-8-27 15:52:52-debug: asset-db:worker-effect-data-processing (1ms)
2025-8-27 15:52:52-debug: asset-db-hook-engine-extends-afterRefresh (1ms)
2025-8-27 16:07:31-debug: refresh db internal success
2025-8-27 16:07:31-debug: refresh db assets success
2025-8-27 16:07:31-debug: Run asset db hook engine-extends:afterRefresh ...
2025-8-27 16:07:31-debug: Run asset db hook engine-extends:afterRefresh success!
2025-8-27 16:07:31-debug: asset-db:refresh-all-database (77ms)
