2025-9-3 20:48:29 - log: Load engine in C:\ProgramData\cocos\editors\Creator\3.8.3\resources\resources\3d\engine
2025-9-3 20:48:30 - log: Profile changed: engine (modules.includeModules: 2d,3d,animation,audio,base,gfx-webgl,meshopt,physics-cannon,skeletal-animation,tween,ui)
2025-9-3 20:48:30 - log: Register native engine in C:\ProgramData\cocos\editors\Creator\3.8.3\resources\resources\3d\engine\native
2025-9-3 20:48:30 - log: Request namespace: device-list
2025-9-3 20:48:43 - warn: [Assets] Attribute a_joints has different format from origin, quantization may not work.[Assets] Attribute a_joints has different format from origin, quantization may not work.  
at Object.warn (C:\ProgramData\cocos\editors\Creator\3.8.3\resources\app.asar\builtin\asset-db\dist\worker\console.ccc:1:1510)  
at quantizeSize (C:\ProgramData\cocos\editors\Creator\3.8.3\resources\app.asar\modules\engine-extensions\extensions\engine-extends\dist\handler\assets\gltf\meshOptimizer.ccc:1:16155)  
at quantizeMesh (C:\ProgramData\cocos\editors\Creator\3.8.3\resources\app.asar\modules\engine-extensions\extensions\engine-extends\dist\handler\assets\gltf\meshOptimizer.ccc:1:16731)  
at compressMesh (C:\ProgramData\cocos\editors\Creator\3.8.3\resources\app.asar\modules\engine-extensions\extensions\engine-extends\dist\handler\assets\gltf\meshOptimizer.ccc:1:11681)  
at import (C:\ProgramData\cocos\editors\Creator\3.8.3\resources\app.asar\modules\engine-extensions\extensions\engine-extends\dist\handler\assets\gltf\mesh.ccc:1:3447)  
at CustomImporter.import (C:\ProgramData\cocos\editors\Creator\3.8.3\resources\app.asar\builtin\asset-db\dist\worker\manager\asset-handler-manager.ccc:1:1206)
2025-9-3 20:48:43 - warn: [Assets] Attribute a_joints has different format from origin, quantization may not work.[Assets] Attribute a_joints has different format from origin, quantization may not work.  
at Object.warn (C:\ProgramData\cocos\editors\Creator\3.8.3\resources\app.asar\builtin\asset-db\dist\worker\console.ccc:1:1510)  
at quantizeSize (C:\ProgramData\cocos\editors\Creator\3.8.3\resources\app.asar\modules\engine-extensions\extensions\engine-extends\dist\handler\assets\gltf\meshOptimizer.ccc:1:16155)  
at quantizeMesh (C:\ProgramData\cocos\editors\Creator\3.8.3\resources\app.asar\modules\engine-extensions\extensions\engine-extends\dist\handler\assets\gltf\meshOptimizer.ccc:1:16731)  
at compressMesh (C:\ProgramData\cocos\editors\Creator\3.8.3\resources\app.asar\modules\engine-extensions\extensions\engine-extends\dist\handler\assets\gltf\meshOptimizer.ccc:1:11681)  
at import (C:\ProgramData\cocos\editors\Creator\3.8.3\resources\app.asar\modules\engine-extensions\extensions\engine-extends\dist\handler\assets\gltf\mesh.ccc:1:3447)  
at CustomImporter.import (C:\ProgramData\cocos\editors\Creator\3.8.3\resources\app.asar\builtin\asset-db\dist\worker\manager\asset-handler-manager.ccc:1:1206)
2025-9-3 20:48:43 - warn: [Assets] Attribute a_joints has different format from origin, quantization may not work.[Assets] Attribute a_joints has different format from origin, quantization may not work.  
at Object.warn (C:\ProgramData\cocos\editors\Creator\3.8.3\resources\app.asar\builtin\asset-db\dist\worker\console.ccc:1:1510)  
at quantizeSize (C:\ProgramData\cocos\editors\Creator\3.8.3\resources\app.asar\modules\engine-extensions\extensions\engine-extends\dist\handler\assets\gltf\meshOptimizer.ccc:1:16155)  
at quantizeMesh (C:\ProgramData\cocos\editors\Creator\3.8.3\resources\app.asar\modules\engine-extensions\extensions\engine-extends\dist\handler\assets\gltf\meshOptimizer.ccc:1:16731)  
at compressMesh (C:\ProgramData\cocos\editors\Creator\3.8.3\resources\app.asar\modules\engine-extensions\extensions\engine-extends\dist\handler\assets\gltf\meshOptimizer.ccc:1:11681)  
at import (C:\ProgramData\cocos\editors\Creator\3.8.3\resources\app.asar\modules\engine-extensions\extensions\engine-extends\dist\handler\assets\gltf\mesh.ccc:1:3447)  
at CustomImporter.import (C:\ProgramData\cocos\editors\Creator\3.8.3\resources\app.asar\builtin\asset-db\dist\worker\manager\asset-handler-manager.ccc:1:1206)
2025-9-3 20:48:45 - warn: [Assets] Attribute a_joints has different format from origin, quantization may not work.[Assets] Attribute a_joints has different format from origin, quantization may not work.  
at Object.warn (C:\ProgramData\cocos\editors\Creator\3.8.3\resources\app.asar\builtin\asset-db\dist\worker\console.ccc:1:1510)  
at quantizeSize (C:\ProgramData\cocos\editors\Creator\3.8.3\resources\app.asar\modules\engine-extensions\extensions\engine-extends\dist\handler\assets\gltf\meshOptimizer.ccc:1:16155)  
at quantizeMesh (C:\ProgramData\cocos\editors\Creator\3.8.3\resources\app.asar\modules\engine-extensions\extensions\engine-extends\dist\handler\assets\gltf\meshOptimizer.ccc:1:16731)  
at compressMesh (C:\ProgramData\cocos\editors\Creator\3.8.3\resources\app.asar\modules\engine-extensions\extensions\engine-extends\dist\handler\assets\gltf\meshOptimizer.ccc:1:11681)  
at import (C:\ProgramData\cocos\editors\Creator\3.8.3\resources\app.asar\modules\engine-extensions\extensions\engine-extends\dist\handler\assets\gltf\mesh.ccc:1:3447)  
at CustomImporter.import (C:\ProgramData\cocos\editors\Creator\3.8.3\resources\app.asar\builtin\asset-db\dist\worker\manager\asset-handler-manager.ccc:1:1206)
2025-9-3 20:48:46 - warn: [Assets] Attribute a_joints has different format from origin, quantization may not work.[Assets] Attribute a_joints has different format from origin, quantization may not work.  
at Object.warn (C:\ProgramData\cocos\editors\Creator\3.8.3\resources\app.asar\builtin\asset-db\dist\worker\console.ccc:1:1510)  
at quantizeSize (C:\ProgramData\cocos\editors\Creator\3.8.3\resources\app.asar\modules\engine-extensions\extensions\engine-extends\dist\handler\assets\gltf\meshOptimizer.ccc:1:16155)  
at quantizeMesh (C:\ProgramData\cocos\editors\Creator\3.8.3\resources\app.asar\modules\engine-extensions\extensions\engine-extends\dist\handler\assets\gltf\meshOptimizer.ccc:1:16731)  
at compressMesh (C:\ProgramData\cocos\editors\Creator\3.8.3\resources\app.asar\modules\engine-extensions\extensions\engine-extends\dist\handler\assets\gltf\meshOptimizer.ccc:1:11681)  
at import (C:\ProgramData\cocos\editors\Creator\3.8.3\resources\app.asar\modules\engine-extensions\extensions\engine-extends\dist\handler\assets\gltf\mesh.ccc:1:3447)  
at CustomImporter.import (C:\ProgramData\cocos\editors\Creator\3.8.3\resources\app.asar\builtin\asset-db\dist\worker\manager\asset-handler-manager.ccc:1:1206)
2025-9-3 20:48:46 - warn: [Assets] Attribute a_joints has different format from origin, quantization may not work.[Assets] Attribute a_joints has different format from origin, quantization may not work.  
at Object.warn (C:\ProgramData\cocos\editors\Creator\3.8.3\resources\app.asar\builtin\asset-db\dist\worker\console.ccc:1:1510)  
at quantizeSize (C:\ProgramData\cocos\editors\Creator\3.8.3\resources\app.asar\modules\engine-extensions\extensions\engine-extends\dist\handler\assets\gltf\meshOptimizer.ccc:1:16155)  
at quantizeMesh (C:\ProgramData\cocos\editors\Creator\3.8.3\resources\app.asar\modules\engine-extensions\extensions\engine-extends\dist\handler\assets\gltf\meshOptimizer.ccc:1:16731)  
at compressMesh (C:\ProgramData\cocos\editors\Creator\3.8.3\resources\app.asar\modules\engine-extensions\extensions\engine-extends\dist\handler\assets\gltf\meshOptimizer.ccc:1:11681)  
at import (C:\ProgramData\cocos\editors\Creator\3.8.3\resources\app.asar\modules\engine-extensions\extensions\engine-extends\dist\handler\assets\gltf\mesh.ccc:1:3447)  
at CustomImporter.import (C:\ProgramData\cocos\editors\Creator\3.8.3\resources\app.asar\builtin\asset-db\dist\worker\manager\asset-handler-manager.ccc:1:1206)
2025-9-3 20:48:46 - warn: [Assets] Attribute a_joints has different format from origin, quantization may not work.[Assets] Attribute a_joints has different format from origin, quantization may not work.  
at Object.warn (C:\ProgramData\cocos\editors\Creator\3.8.3\resources\app.asar\builtin\asset-db\dist\worker\console.ccc:1:1510)  
at quantizeSize (C:\ProgramData\cocos\editors\Creator\3.8.3\resources\app.asar\modules\engine-extensions\extensions\engine-extends\dist\handler\assets\gltf\meshOptimizer.ccc:1:16155)  
at quantizeMesh (C:\ProgramData\cocos\editors\Creator\3.8.3\resources\app.asar\modules\engine-extensions\extensions\engine-extends\dist\handler\assets\gltf\meshOptimizer.ccc:1:16731)  
at compressMesh (C:\ProgramData\cocos\editors\Creator\3.8.3\resources\app.asar\modules\engine-extensions\extensions\engine-extends\dist\handler\assets\gltf\meshOptimizer.ccc:1:11681)  
at import (C:\ProgramData\cocos\editors\Creator\3.8.3\resources\app.asar\modules\engine-extensions\extensions\engine-extends\dist\handler\assets\gltf\mesh.ccc:1:3447)  
at CustomImporter.import (C:\ProgramData\cocos\editors\Creator\3.8.3\resources\app.asar\builtin\asset-db\dist\worker\manager\asset-handler-manager.ccc:1:1206)
2025-9-3 20:48:46 - warn: [Assets] Attribute a_joints has different format from origin, quantization may not work.[Assets] Attribute a_joints has different format from origin, quantization may not work.  
at Object.warn (C:\ProgramData\cocos\editors\Creator\3.8.3\resources\app.asar\builtin\asset-db\dist\worker\console.ccc:1:1510)  
at quantizeSize (C:\ProgramData\cocos\editors\Creator\3.8.3\resources\app.asar\modules\engine-extensions\extensions\engine-extends\dist\handler\assets\gltf\meshOptimizer.ccc:1:16155)  
at quantizeMesh (C:\ProgramData\cocos\editors\Creator\3.8.3\resources\app.asar\modules\engine-extensions\extensions\engine-extends\dist\handler\assets\gltf\meshOptimizer.ccc:1:16731)  
at compressMesh (C:\ProgramData\cocos\editors\Creator\3.8.3\resources\app.asar\modules\engine-extensions\extensions\engine-extends\dist\handler\assets\gltf\meshOptimizer.ccc:1:11681)  
at import (C:\ProgramData\cocos\editors\Creator\3.8.3\resources\app.asar\modules\engine-extensions\extensions\engine-extends\dist\handler\assets\gltf\mesh.ccc:1:3447)  
at CustomImporter.import (C:\ProgramData\cocos\editors\Creator\3.8.3\resources\app.asar\builtin\asset-db\dist\worker\manager\asset-handler-manager.ccc:1:1206)
2025-9-3 20:48:46 - warn: [Assets] Attribute a_joints has different format from origin, quantization may not work.[Assets] Attribute a_joints has different format from origin, quantization may not work.  
at Object.warn (C:\ProgramData\cocos\editors\Creator\3.8.3\resources\app.asar\builtin\asset-db\dist\worker\console.ccc:1:1510)  
at quantizeSize (C:\ProgramData\cocos\editors\Creator\3.8.3\resources\app.asar\modules\engine-extensions\extensions\engine-extends\dist\handler\assets\gltf\meshOptimizer.ccc:1:16155)  
at quantizeMesh (C:\ProgramData\cocos\editors\Creator\3.8.3\resources\app.asar\modules\engine-extensions\extensions\engine-extends\dist\handler\assets\gltf\meshOptimizer.ccc:1:16731)  
at compressMesh (C:\ProgramData\cocos\editors\Creator\3.8.3\resources\app.asar\modules\engine-extensions\extensions\engine-extends\dist\handler\assets\gltf\meshOptimizer.ccc:1:11681)  
at import (C:\ProgramData\cocos\editors\Creator\3.8.3\resources\app.asar\modules\engine-extensions\extensions\engine-extends\dist\handler\assets\gltf\mesh.ccc:1:3447)  
at CustomImporter.import (C:\ProgramData\cocos\editors\Creator\3.8.3\resources\app.asar\builtin\asset-db\dist\worker\manager\asset-handler-manager.ccc:1:1206)
2025-9-3 20:48:46 - warn: [Assets] Attribute a_joints has different format from origin, quantization may not work.[Assets] Attribute a_joints has different format from origin, quantization may not work.  
at Object.warn (C:\ProgramData\cocos\editors\Creator\3.8.3\resources\app.asar\builtin\asset-db\dist\worker\console.ccc:1:1510)  
at quantizeSize (C:\ProgramData\cocos\editors\Creator\3.8.3\resources\app.asar\modules\engine-extensions\extensions\engine-extends\dist\handler\assets\gltf\meshOptimizer.ccc:1:16155)  
at quantizeMesh (C:\ProgramData\cocos\editors\Creator\3.8.3\resources\app.asar\modules\engine-extensions\extensions\engine-extends\dist\handler\assets\gltf\meshOptimizer.ccc:1:16731)  
at compressMesh (C:\ProgramData\cocos\editors\Creator\3.8.3\resources\app.asar\modules\engine-extensions\extensions\engine-extends\dist\handler\assets\gltf\meshOptimizer.ccc:1:11681)  
at import (C:\ProgramData\cocos\editors\Creator\3.8.3\resources\app.asar\modules\engine-extensions\extensions\engine-extends\dist\handler\assets\gltf\mesh.ccc:1:3447)  
at CustomImporter.import (C:\ProgramData\cocos\editors\Creator\3.8.3\resources\app.asar\builtin\asset-db\dist\worker\manager\asset-handler-manager.ccc:1:1206)
2025-9-3 20:48:46 - warn: [Assets] Attribute a_joints has different format from origin, quantization may not work.[Assets] Attribute a_joints has different format from origin, quantization may not work.  
at Object.warn (C:\ProgramData\cocos\editors\Creator\3.8.3\resources\app.asar\builtin\asset-db\dist\worker\console.ccc:1:1510)  
at quantizeSize (C:\ProgramData\cocos\editors\Creator\3.8.3\resources\app.asar\modules\engine-extensions\extensions\engine-extends\dist\handler\assets\gltf\meshOptimizer.ccc:1:16155)  
at quantizeMesh (C:\ProgramData\cocos\editors\Creator\3.8.3\resources\app.asar\modules\engine-extensions\extensions\engine-extends\dist\handler\assets\gltf\meshOptimizer.ccc:1:16731)  
at compressMesh (C:\ProgramData\cocos\editors\Creator\3.8.3\resources\app.asar\modules\engine-extensions\extensions\engine-extends\dist\handler\assets\gltf\meshOptimizer.ccc:1:11681)  
at import (C:\ProgramData\cocos\editors\Creator\3.8.3\resources\app.asar\modules\engine-extensions\extensions\engine-extends\dist\handler\assets\gltf\mesh.ccc:1:3447)  
at CustomImporter.import (C:\ProgramData\cocos\editors\Creator\3.8.3\resources\app.asar\builtin\asset-db\dist\worker\manager\asset-handler-manager.ccc:1:1206)
2025-9-3 20:48:46 - warn: [Assets] Attribute a_joints has different format from origin, quantization may not work.[Assets] Attribute a_joints has different format from origin, quantization may not work.  
at Object.warn (C:\ProgramData\cocos\editors\Creator\3.8.3\resources\app.asar\builtin\asset-db\dist\worker\console.ccc:1:1510)  
at quantizeSize (C:\ProgramData\cocos\editors\Creator\3.8.3\resources\app.asar\modules\engine-extensions\extensions\engine-extends\dist\handler\assets\gltf\meshOptimizer.ccc:1:16155)  
at quantizeMesh (C:\ProgramData\cocos\editors\Creator\3.8.3\resources\app.asar\modules\engine-extensions\extensions\engine-extends\dist\handler\assets\gltf\meshOptimizer.ccc:1:16731)  
at compressMesh (C:\ProgramData\cocos\editors\Creator\3.8.3\resources\app.asar\modules\engine-extensions\extensions\engine-extends\dist\handler\assets\gltf\meshOptimizer.ccc:1:11681)  
at import (C:\ProgramData\cocos\editors\Creator\3.8.3\resources\app.asar\modules\engine-extensions\extensions\engine-extends\dist\handler\assets\gltf\mesh.ccc:1:3447)  
at CustomImporter.import (C:\ProgramData\cocos\editors\Creator\3.8.3\resources\app.asar\builtin\asset-db\dist\worker\manager\asset-handler-manager.ccc:1:1206)
2025-9-3 20:48:46 - warn: [Assets] Attribute a_joints has different format from origin, quantization may not work.[Assets] Attribute a_joints has different format from origin, quantization may not work.  
at Object.warn (C:\ProgramData\cocos\editors\Creator\3.8.3\resources\app.asar\builtin\asset-db\dist\worker\console.ccc:1:1510)  
at quantizeSize (C:\ProgramData\cocos\editors\Creator\3.8.3\resources\app.asar\modules\engine-extensions\extensions\engine-extends\dist\handler\assets\gltf\meshOptimizer.ccc:1:16155)  
at quantizeMesh (C:\ProgramData\cocos\editors\Creator\3.8.3\resources\app.asar\modules\engine-extensions\extensions\engine-extends\dist\handler\assets\gltf\meshOptimizer.ccc:1:16731)  
at compressMesh (C:\ProgramData\cocos\editors\Creator\3.8.3\resources\app.asar\modules\engine-extensions\extensions\engine-extends\dist\handler\assets\gltf\meshOptimizer.ccc:1:11681)  
at import (C:\ProgramData\cocos\editors\Creator\3.8.3\resources\app.asar\modules\engine-extensions\extensions\engine-extends\dist\handler\assets\gltf\mesh.ccc:1:3447)  
at CustomImporter.import (C:\ProgramData\cocos\editors\Creator\3.8.3\resources\app.asar\builtin\asset-db\dist\worker\manager\asset-handler-manager.ccc:1:1206)
2025-9-3 20:48:46 - warn: [Assets] Attribute a_joints has different format from origin, quantization may not work.[Assets] Attribute a_joints has different format from origin, quantization may not work.  
at Object.warn (C:\ProgramData\cocos\editors\Creator\3.8.3\resources\app.asar\builtin\asset-db\dist\worker\console.ccc:1:1510)  
at quantizeSize (C:\ProgramData\cocos\editors\Creator\3.8.3\resources\app.asar\modules\engine-extensions\extensions\engine-extends\dist\handler\assets\gltf\meshOptimizer.ccc:1:16155)  
at quantizeMesh (C:\ProgramData\cocos\editors\Creator\3.8.3\resources\app.asar\modules\engine-extensions\extensions\engine-extends\dist\handler\assets\gltf\meshOptimizer.ccc:1:16731)  
at compressMesh (C:\ProgramData\cocos\editors\Creator\3.8.3\resources\app.asar\modules\engine-extensions\extensions\engine-extends\dist\handler\assets\gltf\meshOptimizer.ccc:1:11681)  
at import (C:\ProgramData\cocos\editors\Creator\3.8.3\resources\app.asar\modules\engine-extensions\extensions\engine-extends\dist\handler\assets\gltf\mesh.ccc:1:3447)  
at CustomImporter.import (C:\ProgramData\cocos\editors\Creator\3.8.3\resources\app.asar\builtin\asset-db\dist\worker\manager\asset-handler-manager.ccc:1:1206)
2025-9-3 20:48:48 - log: [Scene] meshopt wasm decoder initialized
2025-9-3 20:48:48 - log: [Scene] [box2d]:box2d wasm lib loaded.
2025-9-3 20:48:48 - log: [Scene] [bullet]:bullet wasm lib loaded.
2025-9-3 20:48:49 - log: [Scene] [PHYSICS]: using builtin.
2025-9-3 20:48:49 - log: [Scene] Cocos Creator v3.8.3
2025-9-3 20:48:49 - info: [Scene] Forward render pipeline initialized.
2025-9-3 20:48:49 - log: [Scene] [PHYSICS]: switch from builtin to cannon.js.
2025-9-3 20:48:49 - log: [Scene] [PHYSICS2D]: switch from box2d-wasm to builtin.
